0000003d
00000048
00000041
00000001
00000039
00000060
0000004b
00000058
00000007
0000002c
0000004f
00000045
0000001e
00000056
00000006
0000003a
00000014
00000010
0000004e
00000036
0000004a
00000002
0000005a
00000031
0000003c
00000058
00000045
0000004f
00000015
00000045
00000020
0000004e
0000001b
00000027
00000024
00000043
00000062
00000019
0000001a
00000018
00000026
0000005d
00000038
00000062
00000009
0000005e
0000003d
00000031
00000012
00000035
0000002a
00000029
00000049
00000061
00000014
0000001d
00000042
00000032
00000054
0000001a
00000048
00000032
00000040
00000062
