0000005e
00000020
00000030
00000043
0000001c
0000004d
00000054
0000005f
00000023
00000034
00000012
00000017
00000011
00000030
00000063
00000002
0000002e
00000062
00000047
0000004b
00000031
00000026
00000040
0000003f
00000006
0000005b
0000004d
00000033
0000005a
00000031
00000010
00000042
0000003d
00000001
0000004f
00000013
00000051
00000025
00000025
0000002e
00000027
00000040
0000002a
00000004
00000025
0000002b
0000005f
00000034
00000035
0000003e
00000038
00000002
0000003b
00000023
00000057
00000018
00000010
00000022
00000035
0000005a
00000034
0000004b
00000043
00000062
