00000003
00000052
00000035
0000000a
0000001f
00000058
00000042
00000018
00000001
0000003d
0000004f
00000063
00000036
00000047
0000005a
00000041
0000004e
0000001d
00000005
00000045
00000033
00000002
00000051
00000011
0000000e
00000011
00000009
0000001f
00000059
00000046
00000061
00000050
00000033
00000006
0000005c
00000015
0000002e
0000005b
00000060
00000048
0000003b
0000002c
0000004d
00000041
00000013
00000045
0000000a
0000000f
00000028
0000004b
00000049
0000002b
0000004e
00000007
0000000e
00000036
00000051
0000004e
00000062
0000003d
00000007
00000058
00000058
00000011
