0000005b
0000001e
00000039
0000005c
0000003d
0000005d
0000002a
0000000c
00000043
00000046
00000009
0000003f
0000005e
00000027
00000053
0000005e
00000038
00000003
00000021
00000062
00000053
00000006
0000005a
00000063
00000008
00000015
0000001c
00000007
00000062
0000001f
00000015
00000047
00000013
00000012
00000031
00000048
00000057
0000003e
00000052
0000003a
00000044
00000014
00000011
00000046
00000028
00000050
00000017
00000061
00000026
00000014
00000061
00000054
00000026
00000002
00000010
00000052
0000005c
00000062
0000000d
00000004
00000004
00000032
0000001d
00000037
