00000042
0000000c
00000014
0000004f
00000052
00000023
00000057
00000042
00000059
00000043
0000004b
0000003b
00000007
0000000d
00000039
0000001b
0000005e
00000013
00000053
00000018
00000004
0000001f
00000040
0000004b
00000040
0000005e
00000032
00000045
00000032
00000034
0000005c
00000035
00000048
0000004f
00000063
00000040
00000051
00000058
0000004e
00000002
00000056
00000054
00000020
0000000b
00000028
00000027
0000005d
0000003f
0000005e
00000059
00000002
00000028
0000001b
0000002a
0000002e
0000003e
00000020
0000005f
00000057
00000017
0000005c
00000004
0000001d
00000024
00000033
00000045
00000014
00000041
00000050
00000000
0000003a
00000012
0000005d
00000018
0000001d
00000060
00000036
00000058
0000001d
0000004e
00000044
00000053
00000027
00000036
00000014
0000000c
0000005b
00000051
0000000c
00000053
00000028
0000000b
00000013
0000004b
00000010
0000002b
