0000005f
00000041
00000040
00000016
00000025
00000062
00000009
00000030
00000050
00000024
00000021
00000027
0000002f
00000053
00000000
00000048
00000041
0000001a
00000059
00000054
00000008
0000005d
00000051
00000006
00000055
0000005e
00000021
00000024
00000036
0000004d
0000001f
00000050
0000002c
00000013
00000020
00000005
00000037
0000004e
0000004e
00000063
00000038
0000001c
00000048
0000002e
0000004a
00000046
00000013
0000002b
00000036
00000034
00000058
0000003e
00000063
00000014
00000058
0000005c
0000001d
0000002f
0000005b
0000000d
0000005b
00000042
00000001
00000000
