0000004e
00000059
0000004c
0000004f
0000003b
00000011
0000003c
00000007
0000005a
00000017
0000000d
00000056
00000032
00000030
00000042
00000031
0000002d
00000054
00000021
00000009
0000001c
00000048
00000026
00000021
0000003b
00000033
00000039
00000026
00000011
00000059
00000032
00000054
0000001d
0000003f
00000017
00000046
00000055
00000020
0000004a
00000043
0000005b
00000017
00000020
00000046
00000026
00000029
0000003b
00000032
00000055
0000000a
00000026
0000005b
00000021
00000008
00000004
0000003d
00000057
0000003e
00000043
00000047
0000002d
00000055
0000001b
00000000
